------------------------------------------------------------------------------------------------------------------------

[2022-09-23 17:14:23 #1 store] 
Database '/Users/iturrioz/git/Bets2021/src/main/resources/bets.temp' has been recovered (tr. 1-5)

[2022-09-23 17:14:24 #2 store] 
Database '/Users/iturrioz/git/Bets2021/src/main/resources/bets.temp' is opened by 3582@iMac-de-Jon.local

[2022-09-23 17:14:24 #3 type] 
Type domain.Event is not enhanced.

[2022-09-23 17:14:24 #4 type] 
Type domain.Question is not enhanced.

------------------------------------------------------------------------------------------------------------------------

[2022-09-23 17:16:59 #1 store] 
Database '/Users/iturrioz/git/Bets2021/src/main/resources/bets.temp' is opened by 3621@iMac-de-Jon.local

[2022-09-23 17:16:59 #2 type.registry] 
New type domain.Question

[2022-09-23 17:16:59 #3 type] 
Type domain.Question is not enhanced.

[2022-09-23 17:16:59 #4 type.registry] 
New type domain.Event

[2022-09-23 17:16:59 #5 type] 
Type domain.Event is not enhanced.

[2022-09-23 17:16:59 #6 type.registry] 
New type java.util.Vector<domain.Question>

[2022-09-23 17:16:59 #7 type.registry] 
New type java.util.Vector<java.lang.Object>

------------------------------------------------------------------------------------------------------------------------

[2022-09-23 17:24:02 #1 store] 
Database '/Users/iturrioz/git/Bets2021/src/main/resources/bets.temp' has been recovered (tr. 1-5)

[2022-09-23 17:24:02 #2 store] 
Database '/Users/iturrioz/git/Bets2021/src/main/resources/bets.temp' is opened by 3741@iMac-de-Jon.local

[2022-09-23 17:24:02 #3 type] 
Type domain.Question is not enhanced.

[2022-09-23 17:24:02 #4 type] 
Type domain.Event is not enhanced.

------------------------------------------------------------------------------------------------------------------------

[2022-09-23 17:24:25 #1 store] 
Database '/Users/iturrioz/git/Bets2021/src/main/resources/bets.temp' has been recovered (tr. 6-10)

[2022-09-23 17:24:25 #2 store] 
Database '/Users/iturrioz/git/Bets2021/src/main/resources/bets.temp' is opened by 3749@iMac-de-Jon.local

[2022-09-23 17:24:25 #3 type] 
Type domain.Question is not enhanced.

[2022-09-23 17:24:25 #4 type] 
Type domain.Event is not enhanced.

------------------------------------------------------------------------------------------------------------------------

[2022-09-23 17:24:44 #1 store] 
Database '/Users/iturrioz/git/Bets2021/src/main/resources/bets.temp' has been recovered (tr. 11-15)

[2022-09-23 17:24:44 #2 store] 
Database '/Users/iturrioz/git/Bets2021/src/main/resources/bets.temp' is opened by 3754@iMac-de-Jon.local

[2022-09-23 17:24:44 #3 type] 
Type domain.Question is not enhanced.

[2022-09-23 17:24:44 #4 type] 
Type domain.Event is not enhanced.

------------------------------------------------------------------------------------------------------------------------

[2022-09-23 17:28:36 #1 store] 
Database '/Users/iturrioz/git/Bets2021/src/main/resources/bets.temp' is opened by 3812@iMac-de-Jon.local

[2022-09-23 17:28:36 #2 type.registry] 
New type domain.Question

[2022-09-23 17:28:36 #3 type] 
Type domain.Question is not enhanced.

[2022-09-23 17:28:36 #4 type.registry] 
New type domain.Event

[2022-09-23 17:28:36 #5 type] 
Type domain.Event is not enhanced.

[2022-09-23 17:28:36 #6 type.registry] 
New type java.util.Vector<domain.Question>

[2022-09-23 17:28:36 #7 type.registry] 
New type java.util.Vector<java.lang.Object>

------------------------------------------------------------------------------------------------------------------------

[2022-09-23 17:28:59 #1 store] 
Database '/Users/iturrioz/git/Bets2021/src/main/resources/bets.temp' is opened by 3819@iMac-de-Jon.local

[2022-09-23 17:29:00 #2 type.registry] 
New type domain.Event

[2022-09-23 17:29:00 #3 type] 
Type domain.Event is not enhanced.

[2022-09-23 17:29:00 #4 type.registry] 
New type domain.Question

[2022-09-23 17:29:00 #5 type.registry] 
New type java.util.Vector<domain.Question>

[2022-09-23 17:29:00 #6 type] 
Type domain.Question is not enhanced.

[2022-09-23 17:29:00 #7 type.registry] 
New type java.util.Vector<java.lang.Object>

------------------------------------------------------------------------------------------------------------------------

[2022-09-23 17:29:11 #1 store] 
Database '/Users/iturrioz/git/Bets2021/src/main/resources/bets.temp' has been recovered (tr. 1-9)

[2022-09-23 17:29:11 #2 store] 
Database '/Users/iturrioz/git/Bets2021/src/main/resources/bets.temp' is opened by 3823@iMac-de-Jon.local

[2022-09-23 17:29:12 #3 type] 
Type domain.Event is not enhanced.

[2022-09-23 17:29:12 #4 type] 
Type domain.Question is not enhanced.

------------------------------------------------------------------------------------------------------------------------

[2022-09-23 17:29:20 #1 store] 
Database '/Users/iturrioz/git/Bets2021/src/main/resources/bets.temp' has been recovered (tr. 10-14)

[2022-09-23 17:29:20 #2 store] 
Database '/Users/iturrioz/git/Bets2021/src/main/resources/bets.temp' is opened by 3826@iMac-de-Jon.local

[2022-09-23 17:29:20 #3 type] 
Type domain.Event is not enhanced.

[2022-09-23 17:29:20 #4 type] 
Type domain.Question is not enhanced.

------------------------------------------------------------------------------------------------------------------------

[2022-09-23 17:36:33 #1 store] 
Database '/Users/iturrioz/git/Bets2021/src/main/resources/bets.temp' is opened by 3941@iMac-de-Jon.local

[2022-09-23 17:36:33 #2 type.registry] 
New type domain.Question

[2022-09-23 17:36:33 #3 type] 
Type domain.Question is not enhanced.

[2022-09-23 17:36:33 #4 type.registry] 
New type domain.Event

[2022-09-23 17:36:33 #5 type] 
Type domain.Event is not enhanced.

[2022-09-23 17:36:33 #6 type.registry] 
New type java.util.Vector<domain.Question>

[2022-09-23 17:36:33 #7 type.registry] 
New type java.util.Vector<java.lang.Object>

------------------------------------------------------------------------------------------------------------------------

[2022-09-23 17:37:01 #1 store] 
Database '/Users/iturrioz/git/Bets2021/src/main/resources/bets.temp' is opened by 3949@iMac-de-Jon.local

[2022-09-23 17:37:01 #2 type.registry] 
New type domain.Event

[2022-09-23 17:37:01 #3 type] 
Type domain.Event is not enhanced.

[2022-09-23 17:37:01 #4 type.registry] 
New type domain.Question

[2022-09-23 17:37:01 #5 type.registry] 
New type java.util.Vector<domain.Question>

[2022-09-23 17:37:01 #6 type] 
Type domain.Question is not enhanced.

[2022-09-23 17:37:01 #7 type.registry] 
New type java.util.Vector<java.lang.Object>

------------------------------------------------------------------------------------------------------------------------

[2022-09-23 17:38:06 #1 store] 
Database '/Users/iturrioz/git/Bets2021/src/main/resources/bets.temp' has been recovered (tr. 1-9)

[2022-09-23 17:38:07 #2 store] 
Database '/Users/iturrioz/git/Bets2021/src/main/resources/bets.temp' is opened by 3965@iMac-de-Jon.local

[2022-09-23 17:38:07 #3 type] 
Type domain.Event is not enhanced.

[2022-09-23 17:38:07 #4 type] 
Type domain.Question is not enhanced.

------------------------------------------------------------------------------------------------------------------------

[2022-09-23 17:38:48 #1 store] 
Database '/Users/iturrioz/git/Bets2021/src/main/resources/bets.temp' has been recovered (tr. 10-14)

[2022-09-23 17:38:48 #2 store] 
Database '/Users/iturrioz/git/Bets2021/src/main/resources/bets.temp' is opened by 3977@iMac-de-Jon.local

[2022-09-23 17:38:48 #3 type] 
Type domain.Event is not enhanced.

[2022-09-23 17:38:48 #4 type] 
Type domain.Question is not enhanced.

------------------------------------------------------------------------------------------------------------------------

[2022-09-23 17:43:05 #1 store] 
Database '/Users/iturrioz/git/Bets2021/src/main/resources/bets.temp' has been recovered (tr. 15-19)

[2022-09-23 17:43:06 #2 store] 
Database '/Users/iturrioz/git/Bets2021/src/main/resources/bets.temp' is opened by 4041@iMac-de-Jon.local

[2022-09-23 17:43:06 #3 type] 
Type domain.Event is not enhanced.

[2022-09-23 17:43:06 #4 type] 
Type domain.Question is not enhanced.

------------------------------------------------------------------------------------------------------------------------

[2022-09-23 17:45:27 #1 store] 
Database '/Users/iturrioz/git/Bets2021/src/main/resources/bets.temp' has been recovered (tr. 20-24)

[2022-09-23 17:45:27 #2 store] 
Database '/Users/iturrioz/git/Bets2021/src/main/resources/bets.temp' is opened by 4077@iMac-de-Jon.local

[2022-09-23 17:45:28 #3 type] 
Type domain.Event is not enhanced.

[2022-09-23 17:45:28 #4 type] 
Type domain.Question is not enhanced.

